<?xml version="1.0" encoding="UTF-8"?>
<testsuite name="sbu.cs.FindMultiplesTest" tests="6" skipped="0" failures="0" errors="0" timestamp="2023-05-10T07:40:07" hostname="HOUTAN" time="1.156">
  <properties/>
  <testcase name="testOne()" classname="sbu.cs.FindMultiplesTest" time="0.023"/>
  <testcase name="testSix()" classname="sbu.cs.FindMultiplesTest" time="0.002"/>
  <testcase name="testTwo()" classname="sbu.cs.FindMultiplesTest" time="0.002"/>
  <testcase name="testThree()" classname="sbu.cs.FindMultiplesTest" time="0.005"/>
  <testcase name="testFive()" classname="sbu.cs.FindMultiplesTest" time="1.113"/>
  <testcase name="testFour()" classname="sbu.cs.FindMultiplesTest" time="0.002"/>
  <system-out><![CDATA[]]></system-out>
  <system-err><![CDATA[]]></system-err>
</testsuite>
